<?xml version="1.0" encoding="UTF-8"?>
<testsuite xmlns:xsi="http://www.w3.org/2001/XMLSchema-instance" xsi:noNamespaceSchemaLocation="https://maven.apache.org/surefire/maven-surefire-plugin/xsd/surefire-test-report-3.0.xsd" version="3.0" name="com.taskhub.controller.TaskControllerTest" time="5.872" tests="5" errors="0" skipped="0" failures="4">
  <properties>
[...]
</properties>
  <testcase name="testCreateTask_Returns201" classname="com.taskhub.controller.TaskControllerTest" time="1.378">
    <failure message="Status expected:&lt;201&gt; but was:&lt;400&gt;" type="java.lang.AssertionError"><![CDATA[java.lang.AssertionError: Status expected:<201> but was:<400>
	at org.springframework.test.util.AssertionErrors.fail(AssertionErrors.java:59)
	at org.springframework.test.util.AssertionErrors.assertEquals(AssertionErrors.java:122)
	at org.springframework.test.web.servlet.result.StatusResultMatchers.lambda$matcher$9(StatusResultMatchers.java:637)
	at org.springframework.test.web.servlet.MockMvc$1.andExpect(MockMvc.java:214)
	at com.taskhub.controller.TaskControllerTest.testCreateTask_Returns201(TaskControllerTest.java:85)
	at java.base/java.lang.reflect.Method.invoke(Method.java:569)
	at java.base/java.util.ArrayList.forEach(ArrayList.java:1511)
	at java.base/java.util.ArrayList.forEach(ArrayList.java:1511)
]]></failure>
    <system-out><![CDATA[08:20:01.878 [main] INFO org.springframework.test.context.support.AnnotationConfigContextLoaderUtils -- Could not detect default configuration classes for test class [com.taskhub.controller.TaskControllerTest]: TaskControllerTest does not declare any static, non-private, non-final, nested classes annotated with @Configuration.
08:20:01.990 [main] INFO org.springframework.boot.test.context.SpringBootTestContextBootstrapper -- Found @SpringBootConfiguration com.taskhub.App for test class com.taskhub.controller.TaskControllerTest

  .   ____          _            __ _ _
 /\\ / ___'_ __ _ _(_)_ __  __ _ \ \ \ \
( ( )\___ | '_ | '_| | '_ \/ _` | \ \ \ \
 \\/  ___)| |_)| | | | | || (_| |  ) ) ) )
  '  |____| .__|_| |_|_| |_\__, | / / / /
 =========|_|==============|___/=/_/_/_/
 :: Spring Boot ::                (v3.2.4)

2026-04-08T08:20:02.339-05:00  INFO 13354 --- [           main] c.taskhub.controller.TaskControllerTest  : Starting TaskControllerTest using Java 17.0.18 with PID 13354 (started by marco in /home/TaskHub/backend)
2026-04-08T08:20:02.340-05:00  INFO 13354 --- [           main] c.taskhub.controller.TaskControllerTest  : No active profile set, falling back to 1 default profile: "default"
2026-04-08T08:20:02.955-05:00  INFO 13354 --- [           main] .s.d.r.c.RepositoryConfigurationDelegate : Bootstrapping Spring Data JPA repositories in DEFAULT mode.
2026-04-08T08:20:03.012-05:00  INFO 13354 --- [           main] .s.d.r.c.RepositoryConfigurationDelegate : Finished Spring Data repository scanning in 49 ms. Found 4 JPA repository interfaces.
2026-04-08T08:20:03.481-05:00  INFO 13354 --- [           main] o.hibernate.jpa.internal.util.LogHelper  : HHH000204: Processing PersistenceUnitInfo [name: default]
2026-04-08T08:20:03.529-05:00  INFO 13354 --- [           main] org.hibernate.Version                    : HHH000412: Hibernate ORM core version 6.4.4.Final
2026-04-08T08:20:03.570-05:00  INFO 13354 --- [           main] o.h.c.internal.RegionFactoryInitiator    : HHH000026: Second-level cache disabled
2026-04-08T08:20:03.768-05:00  INFO 13354 --- [           main] o.s.o.j.p.SpringPersistenceUnitInfo      : No LoadTimeWeaver setup: ignoring JPA class transformer
2026-04-08T08:20:03.810-05:00  INFO 13354 --- [           main] com.zaxxer.hikari.HikariDataSource       : HikariPool-1 - Starting...
2026-04-08T08:20:03.959-05:00  INFO 13354 --- [           main] com.zaxxer.hikari.pool.HikariPool        : HikariPool-1 - Added connection conn0: url=jdbc:h2:mem:testdb user=SA
2026-04-08T08:20:03.960-05:00  INFO 13354 --- [           main] com.zaxxer.hikari.HikariDataSource       : HikariPool-1 - Start completed.
2026-04-08T08:20:03.976-05:00  WARN 13354 --- [           main] org.hibernate.orm.deprecation            : HHH90000025: H2Dialect does not need to be specified explicitly using 'hibernate.dialect' (remove the property setting and it will be selected by default)
2026-04-08T08:20:04.751-05:00  INFO 13354 --- [           main] o.h.e.t.j.p.i.JtaPlatformInitiator       : HHH000489: No JTA platform available (set 'hibernate.transaction.jta.platform' to enable JTA platform integration)
2026-04-08T08:20:04.807-05:00  INFO 13354 --- [           main] j.LocalContainerEntityManagerFactoryBean : Initialized JPA EntityManagerFactory for persistence unit 'default'
2026-04-08T08:20:05.320-05:00  WARN 13354 --- [           main] JpaBaseConfiguration$JpaWebConfiguration : spring.jpa.open-in-view is enabled by default. Therefore, database queries may be performed during view rendering. Explicitly configure spring.jpa.open-in-view to disable this warning
2026-04-08T08:20:05.347-05:00  WARN 13354 --- [           main] .s.s.UserDetailsServiceAutoConfiguration : 

Using generated security password: 7b63eb0c-f23d-488a-b83e-a54804d1a78d

This generated password is for development use only. Your security configuration must be updated before running your application in production.

2026-04-08T08:20:05.460-05:00  INFO 13354 --- [           main] o.s.s.web.DefaultSecurityFilterChain     : Will secure any request with [org.springframework.security.web.session.DisableEncodeUrlFilter@7b55fc83, org.springframework.security.web.context.request.async.WebAsyncManagerIntegrationFilter@3615f8d9, org.springframework.security.web.context.SecurityContextHolderFilter@7a57c5d9, org.springframework.security.web.header.HeaderWriterFilter@723f8990, org.springframework.web.filter.CorsFilter@5d200dce, org.springframework.security.web.authentication.logout.LogoutFilter@5746609e, org.springframework.security.web.savedrequest.RequestCacheAwareFilter@2be208db, org.springframework.security.web.servletapi.SecurityContextHolderAwareRequestFilter@5ed463b7, org.springframework.security.web.authentication.AnonymousAuthenticationFilter@1a59500b, org.springframework.security.web.access.ExceptionTranslationFilter@703947bd, org.springframework.security.web.access.intercept.AuthorizationFilter@c3836b6]
2026-04-08T08:20:05.967-05:00  INFO 13354 --- [           main] o.s.b.t.m.w.SpringBootMockServletContext : Initializing Spring TestDispatcherServlet ''
2026-04-08T08:20:05.968-05:00  INFO 13354 --- [           main] o.s.t.web.servlet.TestDispatcherServlet  : Initializing Servlet ''
2026-04-08T08:20:05.970-05:00  INFO 13354 --- [           main] o.s.t.web.servlet.TestDispatcherServlet  : Completed initialization in 2 ms
2026-04-08T08:20:05.995-05:00  INFO 13354 --- [           main] c.taskhub.controller.TaskControllerTest  : Started TaskControllerTest in 3.858 seconds (process running for 4.721)
2026-04-08T08:20:07.379-05:00 ERROR 13354 --- [           main] c.t.controller.GlobalExceptionHandler    : Validation error [/api/v1/tasks/create]: The given id must not be null

MockHttpServletRequest:
      HTTP Method = POST
      Request URI = /api/v1/tasks/create
       Parameters = {}
          Headers = [Content-Type:"application/json;charset=UTF-8", Authorization:"Bearer eyJhbGciOiJIUzM4NCJ9.eyJzdWIiOiIxIiwiZW1haWwiOiJ0ZXN0QHRhc2todWIuY29tIiwiaWF0IjoxNzc1NjU0NDA3LCJleHAiOjE3NzU3NDA4MDd9.X0hJVsvC8LRwttCJH4LeXDfvCptc-R-k2F_49Uvqtsloa9TFXnp-7YJU5WNhu4eD", Content-Length:"134"]
             Body = {"title":"Integration Test Task","description":"Testing via MockMvc","categoryId":null,"priority":"HIGH","dueDate":null,"tagIds":null}
    Session Attrs = {}

Handler:
             Type = com.taskhub.controller.TaskController
           Method = com.taskhub.controller.TaskController#createTask(Long, TaskCreateRequest)

Async:
    Async started = false
     Async result = null

Resolved Exception:
             Type = org.springframework.dao.InvalidDataAccessApiUsageException

ModelAndView:
        View name = null
             View = null
            Model = null

FlashMap:
       Attributes = null

MockHttpServletResponse:
           Status = 400
    Error message = null
          Headers = [Vary:"Origin", "Access-Control-Request-Method", "Access-Control-Request-Headers", Content-Type:"application/json", X-Content-Type-Options:"nosniff", X-XSS-Protection:"0", Cache-Control:"no-cache, no-store, max-age=0, must-revalidate", Pragma:"no-cache", Expires:"0", X-Frame-Options:"DENY"]
     Content type = application/json
             Body = {"status":400,"error":"VALIDATION_ERROR","message":"The given id must not be null","timestamp":"2026-04-08T08:20:07.380818015","path":"/api/v1/tasks/create"}
    Forwarded URL = null
   Redirected URL = null
          Cookies = []
]]></system-out>
  </testcase>
  <testcase name="testFilterTasks_WithMultipleParams" classname="com.taskhub.controller.TaskControllerTest" time="0.06">
    <failure message="Status expected:&lt;200&gt; but was:&lt;400&gt;" type="java.lang.AssertionError"><![CDATA[java.lang.AssertionError: Status expected:<200> but was:<400>
	at org.springframework.test.util.AssertionErrors.fail(AssertionErrors.java:59)
	at org.springframework.test.util.AssertionErrors.assertEquals(AssertionErrors.java:122)
	at org.springframework.test.web.servlet.result.StatusResultMatchers.lambda$matcher$9(StatusResultMatchers.java:637)
	at org.springframework.test.web.servlet.MockMvc$1.andExpect(MockMvc.java:214)
	at com.taskhub.controller.TaskControllerTest.testFilterTasks_WithMultipleParams(TaskControllerTest.java:179)
	at java.base/java.lang.reflect.Method.invoke(Method.java:569)
	at java.base/java.util.ArrayList.forEach(ArrayList.java:1511)
	at java.base/java.util.ArrayList.forEach(ArrayList.java:1511)
]]></failure>
    <system-out><![CDATA[2026-04-08T08:20:07.464-05:00 ERROR 13354 --- [           main] c.t.controller.GlobalExceptionHandler    : Validation error [/api/v1/tasks/filter]: The given id must not be null

MockHttpServletRequest:
      HTTP Method = GET
      Request URI = /api/v1/tasks/filter
       Parameters = {}
          Headers = [Content-Type:"application/json;charset=UTF-8", Authorization:"Bearer eyJhbGciOiJIUzM4NCJ9.eyJzdWIiOiIyIiwiZW1haWwiOiJ0ZXN0QHRhc2todWIuY29tIiwiaWF0IjoxNzc1NjU0NDA3LCJleHAiOjE3NzU3NDA4MDd9.DR7e-zYFYLOAtpy91mDsCDy-8YRiVmOh5-HnDtxpNiBPG5kkWz7wFSz68GcohJtY", Content-Length:"141"]
             Body = {"categoryId":null,"tagId":null,"priority":"HIGH","isCompleted":false,"dueDateFrom":null,"dueDateTo":null,"sortBy":"title","sortOrder":"ASC"}
    Session Attrs = {}

Handler:
             Type = com.taskhub.controller.TaskController
           Method = com.taskhub.controller.TaskController#filterTasks(Long, TaskFilterRequest)

Async:
    Async started = false
     Async result = null

Resolved Exception:
             Type = org.springframework.dao.InvalidDataAccessApiUsageException

ModelAndView:
        View name = null
             View = null
            Model = null

FlashMap:
       Attributes = null

MockHttpServletResponse:
           Status = 400
    Error message = null
          Headers = [Vary:"Origin", "Access-Control-Request-Method", "Access-Control-Request-Headers", Content-Type:"application/json", X-Content-Type-Options:"nosniff", X-XSS-Protection:"0", Cache-Control:"no-cache, no-store, max-age=0, must-revalidate", Pragma:"no-cache", Expires:"0", X-Frame-Options:"DENY"]
     Content type = application/json
             Body = {"status":400,"error":"VALIDATION_ERROR","message":"The given id must not be null","timestamp":"2026-04-08T08:20:07.465230021","path":"/api/v1/tasks/filter"}
    Forwarded URL = null
   Redirected URL = null
          Cookies = []
]]></system-out>
  </testcase>
  <testcase name="testInvalidInput_Returns400" classname="com.taskhub.controller.TaskControllerTest" time="0.037">
    <system-out><![CDATA[2026-04-08T08:20:07.505-05:00  WARN 13354 --- [           main] .w.s.m.s.DefaultHandlerExceptionResolver : Resolved [org.springframework.web.bind.MethodArgumentNotValidException: Validation failed for argument [1] in public org.springframework.http.ResponseEntity<com.taskhub.dto.TaskResponse> com.taskhub.controller.TaskController.createTask(java.lang.Long,com.taskhub.dto.TaskCreateRequest) with 2 errors: [Field error in object 'taskCreateRequest' on field 'title': rejected value []; codes [NotBlank.taskCreateRequest.title,NotBlank.title,NotBlank.java.lang.String,NotBlank]; arguments [org.springframework.context.support.DefaultMessageSourceResolvable: codes [taskCreateRequest.title,title]; arguments []; default message [title]]; default message [Title is required]] [Field error in object 'taskCreateRequest' on field 'title': rejected value []; codes [Size.taskCreateRequest.title,Size.title,Size.java.lang.String,Size]; arguments [org.springframework.context.support.DefaultMessageSourceResolvable: codes [taskCreateRequest.title,title]; arguments []; default message [title],255,1]; default message [Title must be between 1 and 255 characters]] ]
]]></system-out>
  </testcase>
  <testcase name="testFilterTasks_WithCategoryId" classname="com.taskhub.controller.TaskControllerTest" time="0.028">
    <failure message="Status expected:&lt;200&gt; but was:&lt;400&gt;" type="java.lang.AssertionError"><![CDATA[java.lang.AssertionError: Status expected:<200> but was:<400>
	at org.springframework.test.util.AssertionErrors.fail(AssertionErrors.java:59)
	at org.springframework.test.util.AssertionErrors.assertEquals(AssertionErrors.java:122)
	at org.springframework.test.web.servlet.result.StatusResultMatchers.lambda$matcher$9(StatusResultMatchers.java:637)
	at org.springframework.test.web.servlet.MockMvc$1.andExpect(MockMvc.java:214)
	at com.taskhub.controller.TaskControllerTest.testFilterTasks_WithCategoryId(TaskControllerTest.java:151)
	at java.base/java.lang.reflect.Method.invoke(Method.java:569)
	at java.base/java.util.ArrayList.forEach(ArrayList.java:1511)
	at java.base/java.util.ArrayList.forEach(ArrayList.java:1511)
]]></failure>
    <system-out><![CDATA[2026-04-08T08:20:07.532-05:00 ERROR 13354 --- [           main] c.t.controller.GlobalExceptionHandler    : Validation error [/api/v1/tasks/filter]: The given id must not be null

MockHttpServletRequest:
      HTTP Method = GET
      Request URI = /api/v1/tasks/filter
       Parameters = {}
          Headers = [Content-Type:"application/json;charset=UTF-8", Authorization:"Bearer eyJhbGciOiJIUzM4NCJ9.eyJzdWIiOiI0IiwiZW1haWwiOiJ0ZXN0QHRhc2todWIuY29tIiwiaWF0IjoxNzc1NjU0NDA3LCJleHAiOjE3NzU3NDA4MDd9.9kZ9n2emPDCobkuO7NuEWYIepc1oq5dGgqSIcuKdC29gt6unApgY646Dj6IfZIYZ", Content-Length:"140"]
             Body = {"categoryId":1,"tagId":null,"priority":null,"isCompleted":null,"dueDateFrom":null,"dueDateTo":null,"sortBy":"createdAt","sortOrder":"DESC"}
    Session Attrs = {}

Handler:
             Type = com.taskhub.controller.TaskController
           Method = com.taskhub.controller.TaskController#filterTasks(Long, TaskFilterRequest)

Async:
    Async started = false
     Async result = null

Resolved Exception:
             Type = org.springframework.dao.InvalidDataAccessApiUsageException

ModelAndView:
        View name = null
             View = null
            Model = null

FlashMap:
       Attributes = null

MockHttpServletResponse:
           Status = 400
    Error message = null
          Headers = [Vary:"Origin", "Access-Control-Request-Method", "Access-Control-Request-Headers", Content-Type:"application/json", X-Content-Type-Options:"nosniff", X-XSS-Protection:"0", Cache-Control:"no-cache, no-store, max-age=0, must-revalidate", Pragma:"no-cache", Expires:"0", X-Frame-Options:"DENY"]
     Content type = application/json
             Body = {"status":400,"error":"VALIDATION_ERROR","message":"The given id must not be null","timestamp":"2026-04-08T08:20:07.533100837","path":"/api/v1/tasks/filter"}
    Forwarded URL = null
   Redirected URL = null
          Cookies = []
]]></system-out>
  </testcase>
  <testcase name="testGetTasks_Returns200" classname="com.taskhub.controller.TaskControllerTest" time="0.068">
    <failure message="JSON path &quot;$&quot;&#10;Expected: a collection with size &lt;2&gt;&#10;     but: collection size was &lt;0&gt;" type="java.lang.AssertionError"><![CDATA[java.lang.AssertionError: 
JSON path "$"
Expected: a collection with size <2>
     but: collection size was <0>
	at org.hamcrest.MatcherAssert.assertThat(MatcherAssert.java:20)
	at org.springframework.test.util.JsonPathExpectationsHelper.assertValue(JsonPathExpectationsHelper.java:74)
	at org.springframework.test.web.servlet.result.JsonPathResultMatchers.lambda$value$0(JsonPathResultMatchers.java:87)
	at org.springframework.test.web.servlet.MockMvc$1.andExpect(MockMvc.java:214)
	at com.taskhub.controller.TaskControllerTest.testGetTasks_Returns200(TaskControllerTest.java:118)
	at java.base/java.lang.reflect.Method.invoke(Method.java:569)
	at java.base/java.util.ArrayList.forEach(ArrayList.java:1511)
	at java.base/java.util.ArrayList.forEach(ArrayList.java:1511)
]]></failure>
    <system-out><![CDATA[
MockHttpServletRequest:
      HTTP Method = GET
      Request URI = /api/v1/tasks
       Parameters = {}
          Headers = [Authorization:"Bearer eyJhbGciOiJIUzM4NCJ9.eyJzdWIiOiI1IiwiZW1haWwiOiJ0ZXN0QHRhc2todWIuY29tIiwiaWF0IjoxNzc1NjU0NDA3LCJleHAiOjE3NzU3NDA4MDd9.ZocdElGlC1kXp_H1qennUhwkdHNnXTbtEBkbBy8XHN3RHqS2TW1vDbCHDdbNfMYA"]
             Body = null
    Session Attrs = {}

Handler:
             Type = com.taskhub.controller.TaskController
           Method = com.taskhub.controller.TaskController#getUserTasks(Long)

Async:
    Async started = false
     Async result = null

Resolved Exception:
             Type = null

ModelAndView:
        View name = null
             View = null
            Model = null

FlashMap:
       Attributes = null

MockHttpServletResponse:
           Status = 200
    Error message = null
          Headers = [Vary:"Origin", "Access-Control-Request-Method", "Access-Control-Request-Headers", Content-Type:"application/json", X-Content-Type-Options:"nosniff", X-XSS-Protection:"0", Cache-Control:"no-cache, no-store, max-age=0, must-revalidate", Pragma:"no-cache", Expires:"0", X-Frame-Options:"DENY"]
     Content type = application/json
             Body = []
    Forwarded URL = null
   Redirected URL = null
          Cookies = []
]]></system-out>
  </testcase>
</testsuite>